[0.016s] Invoking command in '/home/sejego/dev_ws/src/ros2-loading_motor_dt/build/loading_motor_dt': CMAKE_PREFIX_PATH=/opt/ros/foxy /usr/bin/cmake /home/sejego/dev_ws/src/ros2-loading_motor_dt -DCMAKE_INSTALL_PREFIX=/home/sejego/dev_ws/src/ros2-loading_motor_dt/install/loading_motor_dt
[0.131s] -- The C compiler identification is GNU 9.3.0
[0.197s] -- The CXX compiler identification is GNU 9.3.0
[0.205s] -- Check for working C compiler: /usr/bin/cc
[0.289s] -- Check for working C compiler: /usr/bin/cc -- works
[0.291s] -- Detecting C compiler ABI info
[0.395s] -- Detecting C compiler ABI info - done
[0.420s] -- Detecting C compile features
[0.421s] -- Detecting C compile features - done
[0.427s] -- Check for working CXX compiler: /usr/bin/c++
[0.572s] -- Check for working CXX compiler: /usr/bin/c++ -- works
[0.574s] -- Detecting CXX compiler ABI info
[0.687s] -- Detecting CXX compiler ABI info - done
[0.704s] -- Detecting CXX compile features
[0.704s] -- Detecting CXX compile features - done
[0.708s] -- Found ament_cmake: 0.9.9 (/opt/ros/foxy/share/ament_cmake/cmake)
[0.745s] -- Found PythonInterp: /usr/bin/python3 (found suitable version "3.8.10", minimum required is "3") 
[0.745s] -- Using PYTHON_EXECUTABLE: /usr/bin/python3
[1.029s] -- Found builtin_interfaces: 1.0.0 (/opt/ros/foxy/share/builtin_interfaces/cmake)
[1.064s] -- Using all available rosidl_typesupport_c: rosidl_typesupport_fastrtps_c;rosidl_typesupport_introspection_c
[1.072s] -- Found rosidl_adapter: 1.2.1 (/opt/ros/foxy/share/rosidl_adapter/cmake)
[1.219s] -- Found OpenSSL: /usr/lib/x86_64-linux-gnu/libcrypto.so (found version "1.1.1f")  
[1.269s] -- Found FastRTPS: /opt/ros/foxy/include  
[1.448s] -- Using all available rosidl_typesupport_cpp: rosidl_typesupport_fastrtps_cpp;rosidl_typesupport_introspection_cpp
[1.510s] -- Found rosidl_default_generators: 1.0.1 (/opt/ros/foxy/share/rosidl_default_generators/cmake)
[1.531s] -- Found std_msgs: 2.0.4 (/opt/ros/foxy/share/std_msgs/cmake)
[1.565s] -- Found rclcpp: 2.4.0 (/opt/ros/foxy/share/rclcpp/cmake)
[1.647s] -- Found rmw_implementation_cmake: 1.0.3 (/opt/ros/foxy/share/rmw_implementation_cmake/cmake)
[1.649s] -- Using RMW implementation 'rmw_fastrtps_cpp' as default
[1.651s] -- Looking for pthread.h
[1.740s] -- Looking for pthread.h - found
[1.740s] -- Performing Test CMAKE_HAVE_LIBC_PTHREAD
[1.836s] -- Performing Test CMAKE_HAVE_LIBC_PTHREAD - Failed
[1.837s] -- Looking for pthread_create in pthreads
[1.910s] -- Looking for pthread_create in pthreads - not found
[1.910s] -- Looking for pthread_create in pthread
[1.995s] -- Looking for pthread_create in pthread - found
[1.997s] -- Found Threads: TRUE  
[2.178s] -- Found rclpy: 1.0.7 (/opt/ros/foxy/share/rclpy/cmake)
[2.179s] -- Found message_filters: 3.2.5 (/opt/ros/foxy/share/message_filters/cmake)
[2.193s] CMake Error at CMakeLists.txt:24 (find_package):
[2.194s]   By not providing "Finddigital_twin_msgs.cmake" in CMAKE_MODULE_PATH this
[2.194s]   project has asked CMake to find a package configuration file provided by
[2.194s]   "digital_twin_msgs", but CMake did not find one.
[2.194s] 
[2.194s]   Could not find a package configuration file provided by "digital_twin_msgs"
[2.194s]   with any of the following names:
[2.194s] 
[2.194s]     digital_twin_msgsConfig.cmake
[2.195s]     digital_twin_msgs-config.cmake
[2.195s] 
[2.195s]   Add the installation prefix of "digital_twin_msgs" to CMAKE_PREFIX_PATH or
[2.195s]   set "digital_twin_msgs_DIR" to a directory containing one of the above
[2.195s]   files.  If "digital_twin_msgs" provides a separate development package or
[2.195s]   SDK, be sure it has been installed.
[2.195s] 
[2.195s] 
[2.196s] -- Configuring incomplete, errors occurred!
[2.196s] See also "/home/sejego/dev_ws/src/ros2-loading_motor_dt/build/loading_motor_dt/CMakeFiles/CMakeOutput.log".
[2.196s] See also "/home/sejego/dev_ws/src/ros2-loading_motor_dt/build/loading_motor_dt/CMakeFiles/CMakeError.log".
[2.205s] Invoked command in '/home/sejego/dev_ws/src/ros2-loading_motor_dt/build/loading_motor_dt' returned '1': CMAKE_PREFIX_PATH=/opt/ros/foxy /usr/bin/cmake /home/sejego/dev_ws/src/ros2-loading_motor_dt -DCMAKE_INSTALL_PREFIX=/home/sejego/dev_ws/src/ros2-loading_motor_dt/install/loading_motor_dt
