[0.166s] DEBUG:colcon:Command line arguments: ['/usr/bin/colcon', 'build']
[0.167s] DEBUG:colcon:Parsed command line arguments: Namespace(allow_overriding=[], ament_cmake_args=None, base_paths=['.'], build_base='build', catkin_cmake_args=None, catkin_skip_building_tests=False, cmake_args=None, cmake_clean_cache=False, cmake_clean_first=False, cmake_force_configure=False, cmake_target=None, cmake_target_skip_unavailable=False, continue_on_error=False, event_handlers=None, executor='parallel', ignore_user_meta=False, install_base='install', log_base=None, log_level=None, main=<bound method BuildVerb.main of <colcon_core.verb.build.BuildVerb object at 0x7f283a456c70>>, merge_install=False, metas=['./colcon.meta'], packages_above=None, packages_above_and_dependencies=None, packages_above_depth=None, packages_end=None, packages_ignore=None, packages_ignore_regex=None, packages_select=None, packages_select_build_failed=False, packages_select_by_dep=None, packages_select_regex=None, packages_select_test_failures=False, packages_skip=None, packages_skip_build_finished=False, packages_skip_by_dep=None, packages_skip_regex=None, packages_skip_test_passed=False, packages_skip_up_to=None, packages_start=None, packages_up_to=None, packages_up_to_regex=None, parallel_workers=4, paths=None, symlink_install=False, test_result_base=None, verb_extension=<colcon_core.verb.build.BuildVerb object at 0x7f283a456c70>, verb_name='build', verb_parser=<colcon_defaults.argument_parser.defaults.DefaultArgumentsDecorator object at 0x7f283a45f220>)
[0.172s] Level 1:colcon.colcon_core.package_discovery:discover_packages(colcon_meta) check parameters
[0.172s] Level 1:colcon.colcon_core.package_discovery:discover_packages(recursive) check parameters
[0.172s] Level 1:colcon.colcon_core.package_discovery:discover_packages(ignore) check parameters
[0.172s] Level 1:colcon.colcon_core.package_discovery:discover_packages(path) check parameters
[0.172s] Level 1:colcon.colcon_core.package_discovery:discover_packages(colcon_meta) discover
[0.173s] Level 1:colcon.colcon_core.package_discovery:discover_packages(recursive) discover
[0.173s] INFO:colcon.colcon_core.package_discovery:Crawling recursively for packages in '/home/sejego/dev_ws/src/ros2-loading_motor_dt'
[0.173s] Level 1:colcon.colcon_core.package_identification:_identify(.) by extensions ['ignore', 'ignore_ament_install']
[0.173s] Level 1:colcon.colcon_core.package_identification:_identify(.) by extension 'ignore'
[0.173s] Level 1:colcon.colcon_core.package_identification:_identify(.) by extension 'ignore_ament_install'
[0.173s] Level 1:colcon.colcon_core.package_identification:_identify(.) by extensions ['colcon_pkg']
[0.173s] Level 1:colcon.colcon_core.package_identification:_identify(.) by extension 'colcon_pkg'
[0.173s] Level 1:colcon.colcon_core.package_identification:_identify(.) by extensions ['colcon_meta']
[0.173s] Level 1:colcon.colcon_core.package_identification:_identify(.) by extension 'colcon_meta'
[0.173s] Level 1:colcon.colcon_core.package_identification:_identify(.) by extensions ['ros']
[0.173s] Level 1:colcon.colcon_core.package_identification:_identify(.) by extension 'ros'
[0.190s] DEBUG:colcon.colcon_core.package_identification:Package '.' with type 'ros.ament_cmake' and name 'loading_motor_dt'
[0.190s] Level 1:colcon.colcon_core.package_discovery:discover_packages(recursive) using defaults
[0.190s] Level 1:colcon.colcon_core.package_discovery:discover_packages(ignore) discover
[0.190s] Level 1:colcon.colcon_core.package_discovery:discover_packages(ignore) using defaults
[0.190s] Level 1:colcon.colcon_core.package_discovery:discover_packages(path) discover
[0.190s] Level 1:colcon.colcon_core.package_discovery:discover_packages(path) using defaults
[0.211s] Level 5:colcon.colcon_core.verb:set package 'loading_motor_dt' build argument 'cmake_args' from command line to 'None'
[0.211s] Level 5:colcon.colcon_core.verb:set package 'loading_motor_dt' build argument 'cmake_target' from command line to 'None'
[0.211s] Level 5:colcon.colcon_core.verb:set package 'loading_motor_dt' build argument 'cmake_target_skip_unavailable' from command line to 'False'
[0.211s] Level 5:colcon.colcon_core.verb:set package 'loading_motor_dt' build argument 'cmake_clean_cache' from command line to 'False'
[0.211s] Level 5:colcon.colcon_core.verb:set package 'loading_motor_dt' build argument 'cmake_clean_first' from command line to 'False'
[0.211s] Level 5:colcon.colcon_core.verb:set package 'loading_motor_dt' build argument 'cmake_force_configure' from command line to 'False'
[0.211s] Level 5:colcon.colcon_core.verb:set package 'loading_motor_dt' build argument 'ament_cmake_args' from command line to 'None'
[0.211s] Level 5:colcon.colcon_core.verb:set package 'loading_motor_dt' build argument 'catkin_cmake_args' from command line to 'None'
[0.212s] Level 5:colcon.colcon_core.verb:set package 'loading_motor_dt' build argument 'catkin_skip_building_tests' from command line to 'False'
[0.212s] DEBUG:colcon.colcon_core.verb:Building package 'loading_motor_dt' with the following arguments: {'ament_cmake_args': None, 'build_base': '/home/sejego/dev_ws/src/ros2-loading_motor_dt/build/loading_motor_dt', 'catkin_cmake_args': None, 'catkin_skip_building_tests': False, 'cmake_args': None, 'cmake_clean_cache': False, 'cmake_clean_first': False, 'cmake_force_configure': False, 'cmake_target': None, 'cmake_target_skip_unavailable': False, 'install_base': '/home/sejego/dev_ws/src/ros2-loading_motor_dt/install/loading_motor_dt', 'merge_install': False, 'path': '/home/sejego/dev_ws/src/ros2-loading_motor_dt', 'symlink_install': False, 'test_result_base': None}
[0.215s] INFO:colcon.colcon_core.executor:Executing jobs using 'parallel' executor
[0.217s] DEBUG:colcon.colcon_parallel_executor.executor.parallel:run_until_complete
[0.218s] INFO:colcon.colcon_ros.task.ament_cmake.build:Building ROS package in '/home/sejego/dev_ws/src/ros2-loading_motor_dt' with build type 'ament_cmake'
[0.218s] INFO:colcon.colcon_cmake.task.cmake.build:Building CMake package in '/home/sejego/dev_ws/src/ros2-loading_motor_dt'
[0.224s] INFO:colcon.colcon_core.plugin_system:Skipping extension 'colcon_core.shell.bat': Not used on non-Windows systems
[0.224s] INFO:colcon.colcon_core.shell:Skip shell extension 'powershell' for command environment: Not usable outside of PowerShell
[0.224s] DEBUG:colcon.colcon_core.shell:Skip shell extension 'dsv' for command environment
[0.235s] DEBUG:colcon.colcon_core.event_handler.log_command:Invoking command in '/home/sejego/dev_ws/src/ros2-loading_motor_dt/build/loading_motor_dt': CMAKE_PREFIX_PATH=/opt/ros/foxy /usr/bin/cmake /home/sejego/dev_ws/src/ros2-loading_motor_dt -DCMAKE_INSTALL_PREFIX=/home/sejego/dev_ws/src/ros2-loading_motor_dt/install/loading_motor_dt
[2.424s] DEBUG:colcon.colcon_core.event_handler.log_command:Invoked command in '/home/sejego/dev_ws/src/ros2-loading_motor_dt/build/loading_motor_dt' returned '1': CMAKE_PREFIX_PATH=/opt/ros/foxy /usr/bin/cmake /home/sejego/dev_ws/src/ros2-loading_motor_dt -DCMAKE_INSTALL_PREFIX=/home/sejego/dev_ws/src/ros2-loading_motor_dt/install/loading_motor_dt
[2.440s] Level 1:colcon.colcon_core.environment:create_environment_scripts_only(loading_motor_dt)
[2.446s] Level 1:colcon.colcon_core.environment:checking '/home/sejego/dev_ws/src/ros2-loading_motor_dt/install/loading_motor_dt' for CMake module files
[2.446s] Level 1:colcon.colcon_core.environment:checking '/home/sejego/dev_ws/src/ros2-loading_motor_dt/install/loading_motor_dt' for CMake config files
[2.447s] Level 1:colcon.colcon_core.environment:checking '/home/sejego/dev_ws/src/ros2-loading_motor_dt/install/loading_motor_dt/bin'
[2.447s] Level 1:colcon.colcon_core.environment:checking '/home/sejego/dev_ws/src/ros2-loading_motor_dt/install/loading_motor_dt/lib/pkgconfig/loading_motor_dt.pc'
[2.447s] Level 1:colcon.colcon_core.environment:checking '/home/sejego/dev_ws/src/ros2-loading_motor_dt/install/loading_motor_dt/lib/python3.8/site-packages'
[2.448s] INFO:colcon.colcon_core.shell:Creating package script '/home/sejego/dev_ws/src/ros2-loading_motor_dt/install/loading_motor_dt/share/loading_motor_dt/package.ps1'
[2.449s] INFO:colcon.colcon_core.shell:Creating package descriptor '/home/sejego/dev_ws/src/ros2-loading_motor_dt/install/loading_motor_dt/share/loading_motor_dt/package.dsv'
[2.449s] INFO:colcon.colcon_core.shell:Creating package script '/home/sejego/dev_ws/src/ros2-loading_motor_dt/install/loading_motor_dt/share/loading_motor_dt/package.sh'
[2.450s] INFO:colcon.colcon_core.shell:Creating package script '/home/sejego/dev_ws/src/ros2-loading_motor_dt/install/loading_motor_dt/share/loading_motor_dt/package.bash'
[2.451s] INFO:colcon.colcon_core.shell:Creating package script '/home/sejego/dev_ws/src/ros2-loading_motor_dt/install/loading_motor_dt/share/loading_motor_dt/package.zsh'
[2.452s] Level 1:colcon.colcon_core.environment:create_file_with_runtime_dependencies(/home/sejego/dev_ws/src/ros2-loading_motor_dt/install/loading_motor_dt/share/colcon-core/packages/loading_motor_dt)
[2.463s] DEBUG:colcon.colcon_parallel_executor.executor.parallel:closing loop
[2.463s] DEBUG:colcon.colcon_parallel_executor.executor.parallel:loop closed
[2.463s] DEBUG:colcon.colcon_parallel_executor.executor.parallel:run_until_complete finished with '1'
[2.463s] DEBUG:colcon.colcon_core.event_reactor:joining thread
[2.469s] INFO:colcon.colcon_core.plugin_system:Skipping extension 'colcon_notification.desktop_notification.notify_send': Could not find 'notify-send'
[2.470s] INFO:colcon.colcon_core.plugin_system:Skipping extension 'colcon_notification.desktop_notification.terminal_notifier': Not used on non-Darwin systems
[2.470s] INFO:colcon.colcon_core.plugin_system:Skipping extension 'colcon_notification.desktop_notification.win32': Not used on non-Windows systems
[2.470s] INFO:colcon.colcon_notification.desktop_notification:Sending desktop notification using 'notify2'
[2.492s] DEBUG:colcon.colcon_core.event_reactor:joined thread
[2.493s] INFO:colcon.colcon_core.shell:Creating prefix script '/home/sejego/dev_ws/src/ros2-loading_motor_dt/install/local_setup.ps1'
[2.495s] INFO:colcon.colcon_core.shell:Creating prefix util module '/home/sejego/dev_ws/src/ros2-loading_motor_dt/install/_local_setup_util_ps1.py'
[2.496s] INFO:colcon.colcon_core.shell:Creating prefix chain script '/home/sejego/dev_ws/src/ros2-loading_motor_dt/install/setup.ps1'
[2.498s] INFO:colcon.colcon_core.shell:Creating prefix script '/home/sejego/dev_ws/src/ros2-loading_motor_dt/install/local_setup.sh'
[2.499s] INFO:colcon.colcon_core.shell:Creating prefix util module '/home/sejego/dev_ws/src/ros2-loading_motor_dt/install/_local_setup_util_sh.py'
[2.500s] INFO:colcon.colcon_core.shell:Creating prefix chain script '/home/sejego/dev_ws/src/ros2-loading_motor_dt/install/setup.sh'
[2.502s] INFO:colcon.colcon_core.shell:Creating prefix script '/home/sejego/dev_ws/src/ros2-loading_motor_dt/install/local_setup.bash'
[2.503s] INFO:colcon.colcon_core.shell:Creating prefix chain script '/home/sejego/dev_ws/src/ros2-loading_motor_dt/install/setup.bash'
[2.504s] INFO:colcon.colcon_core.shell:Creating prefix script '/home/sejego/dev_ws/src/ros2-loading_motor_dt/install/local_setup.zsh'
[2.506s] INFO:colcon.colcon_core.shell:Creating prefix chain script '/home/sejego/dev_ws/src/ros2-loading_motor_dt/install/setup.zsh'
